<?xml version="1.0" encoding="UTF-8"?>
<!-- Generated by org.testng.reporters.JUnitReportReporter -->
<testsuite skipped="0" hostname="Irwins-MacBook-Air.local" name="com.syntax.class02.HardAssertion" tests="3" failures="0" timestamp="2020-09-05T11:37:10 EDT" time="13.611" errors="0">
  <testcase name="loginFormText" time="4.803" classname="com.syntax.class02.HardAssertion"/>
  <system-out/>
  <testcase name="logoValidation" time="4.506" classname="com.syntax.class02.HardAssertion"/>
  <system-out/>
  <testcase name="titleValidation" time="4.302" classname="com.syntax.class02.HardAssertion"/>
  <system-out/>
</testsuite> <!-- com.syntax.class02.HardAssertion -->
