<?xml version="1.0" encoding="UTF-8"?>
<!-- Generated by org.testng.reporters.JUnitReportReporter -->
<testsuite skipped="0" hostname="Irwins-MacBook-Air.local" name="com.syntax.class03.GroupExamples" tests="2" failures="0" timestamp="2020-09-05T11:01:36 EDT" time="13.051" errors="0">
  <testcase name="validLogin" time="9.908" classname="com.syntax.class03.GroupExamples"/>
  <system-out/>
  <testcase name="invalidLogin" time="3.143" classname="com.syntax.class03.GroupExamples"/>
  <system-out/>
</testsuite> <!-- com.syntax.class03.GroupExamples -->
