<?xml version="1.0" encoding="UTF-8"?>
<!-- Generated by org.testng.reporters.JUnitReportReporter -->
<testsuite skipped="0" hostname="Irwins-MacBook-Air.local" name="com.syntax.class03.DataProvider" tests="3" failures="0" timestamp="2020-09-05T11:03:56 EDT" time="48.093" errors="0">
  <testcase name="multipleLogin" time="14.694" classname="com.syntax.class03.DataProvider"/>
  <system-out/>
  <testcase name="multipleLogin" time="15.883" classname="com.syntax.class03.DataProvider"/>
  <system-out/>
  <testcase name="multipleLogin" time="17.516" classname="com.syntax.class03.DataProvider"/>
  <system-out/>
</testsuite> <!-- com.syntax.class03.DataProvider -->
