<?xml version="1.0" encoding="UTF-8"?>
<!-- Generated by org.testng.reporters.JUnitReportReporter -->
<testsuite skipped="0" hostname="Irwins-MacBook-Air.local" name="com.syntax.class01.DifferentAnnotation" tests="3" failures="0" timestamp="2020-08-29T12:30:24 EDT" time="0.008" errors="0">
  <testcase name="testMethod" time="0.005" classname="com.syntax.class01.DifferentAnnotation"/>
  <system-out/>
  <testcase name="testMethod3" time="0.001" classname="com.syntax.class01.DifferentAnnotation"/>
  <system-out/>
  <testcase name="testMethod2" time="0.002" classname="com.syntax.class01.DifferentAnnotation"/>
  <system-out/>
</testsuite> <!-- com.syntax.class01.DifferentAnnotation -->
