<?xml version="1.0" encoding="UTF-8"?>
<!-- Generated by org.testng.reporters.JUnitReportReporter -->
<testsuite skipped="0" hostname="Irwins-MacBook-Air.local" name="com.syntax.class01.TestNGIntro" tests="4" failures="0" timestamp="2020-08-29T12:04:10 EDT" time="0.012" errors="0">
  <testcase name="testOne" time="0.009" classname="com.syntax.class01.TestNGIntro"/>
  <system-out/>
  <testcase name="testTwo" time="0.001" classname="com.syntax.class01.TestNGIntro"/>
  <system-out/>
  <testcase name="testfour" time="0.001" classname="com.syntax.class01.TestNGIntro"/>
  <system-out/>
  <testcase name="testThree" time="0.001" classname="com.syntax.class01.TestNGIntro"/>
  <system-out/>
</testsuite> <!-- com.syntax.class01.TestNGIntro -->
