<?xml version="1.0" encoding="UTF-8"?>
<!-- Generated by org.testng.reporters.JUnitReportReporter -->
<testsuite skipped="0" hostname="Irwins-MacBook-Air.local" name="com.syntax.class03.GroupExamples" tests="1" failures="0" timestamp="2020-09-05T13:35:26 EDT" time="8.520" errors="0">
  <testcase name="validLogin" time="8.520" classname="com.syntax.class03.GroupExamples"/>
  <system-out/>
</testsuite> <!-- com.syntax.class03.GroupExamples -->
