<?xml version="1.0" encoding="UTF-8"?>
<!-- Generated by org.testng.reporters.JUnitReportReporter -->
<testsuite skipped="0" hostname="Irwins-MacBook-Air.local" name="com.syntax.class02.HardAssertion" tests="3" failures="0" timestamp="2020-09-05T12:16:31 EDT" time="16.377" errors="0">
  <testcase name="titleValidation" time="6.085" classname="com.syntax.class02.HardAssertion"/>
  <system-out/>
  <testcase name="logoValidation" time="5.777" classname="com.syntax.class02.HardAssertion"/>
  <system-out/>
  <testcase name="loginFormText" time="4.515" classname="com.syntax.class02.HardAssertion"/>
  <system-out/>
</testsuite> <!-- com.syntax.class02.HardAssertion -->
