<?xml version="1.0" encoding="UTF-8"?>
<!-- Generated by org.testng.reporters.JUnitReportReporter -->
<testsuite skipped="0" hostname="Irwins-MacBook-Air.local" name="com.syntax.class01.HrmsTestCases" tests="2" failures="0" timestamp="2020-08-29T13:30:50 EDT" time="10.252" errors="0">
  <testcase name="titleValidation" time="4.091" classname="com.syntax.class01.HrmsTestCases"/>
  <system-out/>
  <testcase name="validLogin" time="6.161" classname="com.syntax.class01.HrmsTestCases"/>
  <system-out/>
</testsuite> <!-- com.syntax.class01.HrmsTestCases -->
