<?xml version="1.0" encoding="UTF-8"?>
<!-- Generated by org.testng.reporters.JUnitReportReporter -->
<testsuite skipped="0" hostname="Irwins-MacBook-Air.local" name="com.syntax.class01_HWCW.Task2" tests="2" failures="0" timestamp="2020-08-29T12:44:10 EDT" time="0.007" errors="0">
  <testcase name="exhausted" time="0.006" classname="com.syntax.class01_HWCW.Task2"/>
  <system-out/>
  <testcase name="happy" time="0.001" classname="com.syntax.class01_HWCW.Task2"/>
  <system-out/>
</testsuite> <!-- com.syntax.class01_HWCW.Task2 -->
