<?xml version="1.0" encoding="UTF-8"?>
<!-- Generated by org.testng.reporters.JUnitReportReporter -->
<testsuite skipped="0" hostname="Irwins-MacBook-Air.local" name="com.syntax.class01.HrmsTestCases" tests="3" failures="0" timestamp="2020-09-01T20:18:11 EDT" time="21.976" errors="0">
  <testcase name="titleValidation" time="4.299" classname="com.syntax.class01.HrmsTestCases"/>
  <system-out/>
  <testcase name="validLogin" time="10.946" classname="com.syntax.class01.HrmsTestCases"/>
  <system-out/>
  <testcase name="invalidLogin" time="6.731" classname="com.syntax.class01.HrmsTestCases"/>
  <system-out/>
</testsuite> <!-- com.syntax.class01.HrmsTestCases -->
