<?xml version="1.0" encoding="UTF-8"?>
<!-- Generated by org.testng.reporters.JUnitReportReporter -->
<testsuite skipped="0" hostname="Irwins-MacBook-Air.local" name="com.syntax.class01_HWCW.Task3" tests="1" failures="0" timestamp="2020-08-29T15:16:29 EDT" time="9.482" errors="0">
  <testcase name="validLogin" time="9.482" classname="com.syntax.class01_HWCW.Task3"/>
  <system-out/>
</testsuite> <!-- com.syntax.class01_HWCW.Task3 -->
