<?xml version="1.0" encoding="UTF-8"?>
<!-- Generated by org.testng.reporters.JUnitReportReporter -->
<testsuite skipped="0" hostname="Irwins-MacBook-Air.local" name="com.syntax.class01_HWCW.Task4" tests="1" failures="0" timestamp="2020-08-29T14:10:16 EDT" time="4.835" errors="0">
  <testcase name="validLogin" time="4.835" classname="com.syntax.class01_HWCW.Task4"/>
  <system-out/>
</testsuite> <!-- com.syntax.class01_HWCW.Task4 -->
