<?xml version="1.0" encoding="UTF-8"?>
<!-- Generated by org.testng.reporters.JUnitReportReporter -->
<testsuite skipped="0" hostname="Irwins-MacBook-Air.local" name="com.syntax.class02.Dependency" tests="2" failures="0" timestamp="2020-09-05T12:16:31 EDT" time="9.897" errors="0">
  <testcase name="validLogin" time="6.857" classname="com.syntax.class02.Dependency"/>
  <system-out/>
  <testcase name="invalidLogin" time="3.040" classname="com.syntax.class02.Dependency"/>
  <system-out/>
</testsuite> <!-- com.syntax.class02.Dependency -->
