<?xml version="1.0" encoding="UTF-8"?>
<!-- Generated by org.testng.reporters.JUnitReportReporter -->
<testsuite skipped="0" hostname="Irwins-MacBook-Air.local" name="com.syntax.class01_HWCW.Task" tests="3" failures="0" timestamp="2020-08-29T12:06:24 EDT" time="0.008" errors="0">
  <testcase name="taskOne" time="0.007" classname="com.syntax.class01_HWCW.Task"/>
  <system-out/>
  <testcase name="taskTwo" time="0.000" classname="com.syntax.class01_HWCW.Task"/>
  <system-out/>
  <testcase name="taskThree" time="0.001" classname="com.syntax.class01_HWCW.Task"/>
  <system-out/>
</testsuite> <!-- com.syntax.class01_HWCW.Task -->
