<?xml version="1.0" encoding="UTF-8"?>
<!-- Generated by org.testng.reporters.JUnitReportReporter -->
<testsuite skipped="0" hostname="Irwins-MacBook-Air.local" name="com.syntax.class02.AllAnnotation" tests="2" failures="0" timestamp="2020-09-05T12:30:58 EDT" time="0.006" errors="0">
  <testcase name="testMethod" time="0.002" classname="com.syntax.class02.AllAnnotation"/>
  <system-out/>
  <testcase name="testMethod" time="0.004" classname="com.syntax.class02.AllAnnotation"/>
  <system-out/>
</testsuite> <!-- com.syntax.class02.AllAnnotation -->
