<?xml version="1.0" encoding="UTF-8"?>
<!-- Generated by org.testng.reporters.JUnitReportReporter -->
<testsuite skipped="0" hostname="Irwins-MacBook-Air.local" name="com.syntax.class01.TestNGtest" tests="1" failures="0" timestamp="2020-08-29T11:51:29 EDT" time="0.011" errors="0">
  <testcase name="hello" time="0.011" classname="com.syntax.class01.TestNGtest"/>
  <system-out/>
</testsuite> <!-- com.syntax.class01.TestNGtest -->
